<?xml version="1.0" encoding="UTF-8"?>
<!-- Generated by org.testng.reporters.JUnitReportReporter -->
<testsuite hostname="LAPTOP-0STQ7AK3" failures="0" tests="1" name="com.testrun.FunctionTest" time="14.466" errors="0" timestamp="2024-02-12T20:55:18 EST" skipped="0">
  <testcase classname="com.testrun.FunctionTest" name="getWebTable" time="14.466"/>
  <system-out/>
</testsuite> <!-- com.testrun.FunctionTest -->
