<?xml version="1.0" encoding="UTF-8"?>
<!-- Generated by org.testng.reporters.JUnitReportReporter -->
<testsuite hostname="LAPTOP-0STQ7AK3" failures="0" tests="1" name="com.webtable.PremierLeagaueTable" time="14.746" errors="0" timestamp="2024-02-12T22:02:24 EST" skipped="0">
  <testcase classname="com.webtable.PremierLeagaueTable" name="getDataFromWebTable" time="14.746"/>
  <system-out/>
</testsuite> <!-- com.webtable.PremierLeagaueTable -->
