<?xml version="1.0" encoding="UTF-8"?>
<!-- Generated by org.testng.reporters.JUnitReportReporter -->
<testsuite hostname="LAPTOP-0STQ7AK3" failures="0" tests="1" name="com.testrun.FunctionTest" time="9.015" errors="0" timestamp="2024-02-12T21:20:49 EST" skipped="0">
  <testcase classname="com.testrun.FunctionTest" name="getWebTable" time="9.015"/>
  <system-out/>
</testsuite> <!-- com.testrun.FunctionTest -->
